
> dev
> tsx src/index.ts

ledger, local JSON file
market on http://127.0.0.1:4021  agent 0xFa4e0474485BE047b97977f1FC805471f47d9d88
dashboard http://127.0.0.1:4022
buyer skipped: The contract function "transferWithAuthorization" reverted with the following reason:
insufficient balance

Contract Call:
  address:   0x03ea6b83884782d17ab023b5a74da81208243b7a
  function:  transferWithAuthorization(address from, address to, uint256 value, uint256 validAfter, uint256 validBefore, bytes32 nonce, bytes signature)
  args:                               (0x29AAAfe4b5aA24Ef7B360e76d81f2C31504FbBd7, 0xFa4e0474485BE047b97977f1FC805471f47d9d88, 10000, 1782476575, 1782476700, 0x1c30fefe2efbd669debe5ea07d315d4b5bda1f9f0645f3db4bd009e2b074dda9, 0x433ed88e79967f2b208b99071f652d1eb16d0aff928a83b4485ea7b9abce965a411d809a11a0193974e6d766a50d71a0c0187874cc1fbdb778ec7f8a898ee7711b)
  sender:    0xFa4e0474485BE047b97977f1FC805471f47d9d88

Docs: https://viem.sh/docs/contract/writeContract
Details: execution reverted: insufficient balance
Version: viem@2.53.1
[research] balance 0.015000 USDC  earned 0.000000  spent 0.005000  sales 0  signal risk 27 up
buyer skipped: The contract function "transferWithAuthorization" reverted with the following reason:
insufficient balance

Contract Call:
  address:   0x03ea6b83884782d17ab023b5a74da81208243b7a
  function:  transferWithAuthorization(address from, address to, uint256 value, uint256 validAfter, uint256 validBefore, bytes32 nonce, bytes signature)
  args:                               (0x29AAAfe4b5aA24Ef7B360e76d81f2C31504FbBd7, 0xFa4e0474485BE047b97977f1FC805471f47d9d88, 10000, 1782476595, 1782476720, 0x8011ad6faaa061fac0243afe986be8c42cf6ce23539549a43e9814fc040c11b2, 0xe038e8af3f521b83b2bac986ee1ca76eab2e0f5e70cefee1c9ef71bd04e5c4702035fc3a5b57642131f9c447c9f4981668ac2e00f0a8c028fa4a33e1184de0d11b)
  sender:    0xFa4e0474485BE047b97977f1FC805471f47d9d88

Docs: https://viem.sh/docs/contract/writeContract
Details: execution reverted: insufficient balance
Version: viem@2.53.1
[research] balance 0.010000 USDC  earned 0.000000  spent 0.010000  sales 0  signal risk 25 flat
buyer skipped: The contract function "transferWithAuthorization" reverted with the following reason:
insufficient balance

Contract Call:
  address:   0x03ea6b83884782d17ab023b5a74da81208243b7a
  function:  transferWithAuthorization(address from, address to, uint256 value, uint256 validAfter, uint256 validBefore, bytes32 nonce, bytes signature)
  args:                               (0x29AAAfe4b5aA24Ef7B360e76d81f2C31504FbBd7, 0xFa4e0474485BE047b97977f1FC805471f47d9d88, 10000, 1782476599, 1782476724, 0xf60bb04944645702ee74d0c95a45b13814431d52061408be4059cc87922bbb28, 0x0e99b2a08492ee7a7b8bfe6d1398086d8d5a3e7ef316c4e54ed62fbc7795617e4f9c3f993bd9def67f3d626ec54d27b84e2b0a82d335d321102655e6392a316d1c)
  sender:    0xFa4e0474485BE047b97977f1FC805471f47d9d88

Docs: https://viem.sh/docs/contract/writeContract
Details: execution reverted: insufficient balance
Version: viem@2.53.1
[wait] balance 0.010000 USDC  earned 0.000000  spent 0.010000  sales 0
buyer skipped: The contract function "transferWithAuthorization" reverted with the following reason:
insufficient balance

Contract Call:
  address:   0x03ea6b83884782d17ab023b5a74da81208243b7a
  function:  transferWithAuthorization(address from, address to, uint256 value, uint256 validAfter, uint256 validBefore, bytes32 nonce, bytes signature)
  args:                               (0x29AAAfe4b5aA24Ef7B360e76d81f2C31504FbBd7, 0xFa4e0474485BE047b97977f1FC805471f47d9d88, 10000, 1782476608, 1782476733, 0x601dd4137965175ad1eef85df9bb89c3e511c4d89dd33ec924c4734e20aa2308, 0x0e9fd9a8d58dfd76bd9240eee00dce4057c7e52db836627f74f67cbcab8c4cea6901533ce64af576246af16ace9fa0154dad558e6b7e16cf9979c3bbd69783371b)
  sender:    0xFa4e0474485BE047b97977f1FC805471f47d9d88

Docs: https://viem.sh/docs/contract/writeContract
Details: execution reverted: insufficient balance
Version: viem@2.53.1
[wait] balance 0.010000 USDC  earned 0.000000  spent 0.010000  sales 0
buyer skipped: The contract function "transferWithAuthorization" reverted with the following reason:
insufficient balance

Contract Call:
  address:   0x03ea6b83884782d17ab023b5a74da81208243b7a
  function:  transferWithAuthorization(address from, address to, uint256 value, uint256 validAfter, uint256 validBefore, bytes32 nonce, bytes signature)
  args:                               (0x29AAAfe4b5aA24Ef7B360e76d81f2C31504FbBd7, 0xFa4e0474485BE047b97977f1FC805471f47d9d88, 10000, 1782476617, 1782476742, 0xeb3d2842b182633115ffd859ae6d40bd2d73491474dc226b521509308e3c321e, 0xfb41c0a96a21b5190d656942a8d8b33d4263f6c2ef44b69beecd2f14b6f6a3631f3a9adcf62adeac841eaef98f74326f7cd85a5e4c90dd63ed2082e19a097abd1c)
  sender:    0xFa4e0474485BE047b97977f1FC805471f47d9d88

Docs: https://viem.sh/docs/contract/writeContract
Details: execution reverted: insufficient balance
Version: viem@2.53.1
[wait] balance 0.010000 USDC  earned 0.000000  spent 0.010000  sales 0
buyer skipped: The contract function "transferWithAuthorization" reverted with the following reason:
insufficient balance

Contract Call:
  address:   0x03ea6b83884782d17ab023b5a74da81208243b7a
  function:  transferWithAuthorization(address from, address to, uint256 value, uint256 validAfter, uint256 validBefore, bytes32 nonce, bytes signature)
  args:                               (0x29AAAfe4b5aA24Ef7B360e76d81f2C31504FbBd7, 0xFa4e0474485BE047b97977f1FC805471f47d9d88, 10000, 1782476626, 1782476751, 0xe945afd3aaee82ae59d9ede89b4a6f9a83667e7f42f43d9c91c22b33b4546fdf, 0x5b8ccb4caa1b6b59288d30f2c039aa401c2596fafa1ecfe6f2236cd3c66f8e9d1a5a946fff55c5bba0361063e660b4f5f666d6e88a6087ae98e890a0c8231ed21b)
  sender:    0xFa4e0474485BE047b97977f1FC805471f47d9d88

Docs: https://viem.sh/docs/contract/writeContract
Details: execution reverted: insufficient balance
Version: viem@2.53.1
[wait] balance 0.010000 USDC  earned 0.000000  spent 0.010000  sales 0
buyer skipped: The contract function "transferWithAuthorization" reverted with the following reason:
insufficient balance

Contract Call:
  address:   0x03ea6b83884782d17ab023b5a74da81208243b7a
  function:  transferWithAuthorization(address from, address to, uint256 value, uint256 validAfter, uint256 validBefore, bytes32 nonce, bytes signature)
  args:                               (0x29AAAfe4b5aA24Ef7B360e76d81f2C31504FbBd7, 0xFa4e0474485BE047b97977f1FC805471f47d9d88, 10000, 1782476635, 1782476760, 0xb2c55dc47d85796c0e7918cd46d94d64eaa99d3fd237884eaa52ab0dd2a07555, 0xd9a9c39ae8782a4f271a36564af3141719724607ba5ba38b3aa1110ecd5d8f15286b709ad8b7590bb0c9452159ebb71cdf8146df2c16b6fe69a4d125ca4f7e4e1c)
  sender:    0xFa4e0474485BE047b97977f1FC805471f47d9d88

Docs: https://viem.sh/docs/contract/writeContract
Details: execution reverted: insufficient balance
Version: viem@2.53.1
[wait] balance 0.010000 USDC  earned 0.000000  spent 0.010000  sales 0
buyer skipped: The contract function "transferWithAuthorization" reverted with the following reason:
insufficient balance

Contract Call:
  address:   0x03ea6b83884782d17ab023b5a74da81208243b7a
  function:  transferWithAuthorization(address from, address to, uint256 value, uint256 validAfter, uint256 validBefore, bytes32 nonce, bytes signature)
  args:                               (0x29AAAfe4b5aA24Ef7B360e76d81f2C31504FbBd7, 0xFa4e0474485BE047b97977f1FC805471f47d9d88, 10000, 1782476644, 1782476769, 0xf8176abd8e6d47a7ac8a4759a379593cab749c02160d43dd49389b078cb3b0a4, 0x84605cb5105f38e20e17699094810522ef3ce76825f08f5cb303715d01088dc2790095a0d0aa65cca08005b4ed1fe4f4a7ce2108d9ccddf631f2f8bbaeb7c6901c)
  sender:    0xFa4e0474485BE047b97977f1FC805471f47d9d88

Docs: https://viem.sh/docs/contract/writeContract
Details: execution reverted: insufficient balance
Version: viem@2.53.1
[wait] balance 0.010000 USDC  earned 0.000000  spent 0.010000  sales 0
buyer skipped: The contract function "transferWithAuthorization" reverted with the following reason:
insufficient balance

Contract Call:
  address:   0x03ea6b83884782d17ab023b5a74da81208243b7a
  function:  transferWithAuthorization(address from, address to, uint256 value, uint256 validAfter, uint256 validBefore, bytes32 nonce, bytes signature)
  args:                               (0x29AAAfe4b5aA24Ef7B360e76d81f2C31504FbBd7, 0xFa4e0474485BE047b97977f1FC805471f47d9d88, 10000, 1782476653, 1782476778, 0x644f4dc3bb12c1f56a62b62a874cc1e5f3f6440dfc24c8b3b7f308c94be183ed, 0x21619cd72b75b3797a792836d7681979ff3f16669139abf1c69b8ed7ff27e2e777b64edceeb633b4046261fed7069ac1e973605828ab27e666fcee6ddb7e86cb1c)
  sender:    0xFa4e0474485BE047b97977f1FC805471f47d9d88

Docs: https://viem.sh/docs/contract/writeContract
Details: execution reverted: insufficient balance
Version: viem@2.53.1
[wait] balance 0.010000 USDC  earned 0.000000  spent 0.010000  sales 0
buyer skipped: The contract function "transferWithAuthorization" reverted with the following reason:
insufficient balance

Contract Call:
  address:   0x03ea6b83884782d17ab023b5a74da81208243b7a
  function:  transferWithAuthorization(address from, address to, uint256 value, uint256 validAfter, uint256 validBefore, bytes32 nonce, bytes signature)
  args:                               (0x29AAAfe4b5aA24Ef7B360e76d81f2C31504FbBd7, 0xFa4e0474485BE047b97977f1FC805471f47d9d88, 10000, 1782476662, 1782476787, 0x966f9fd83ef518690d38f5b45c51fec6df5742de0f8b6faf96137128f6dd908a, 0x659ccc981c2b07d289a9e111121e194cc87235b7e34f46230630376cbf12878c4e8b2327489eaa75e5670e229d36fec2a1bc6b9a44182170374b59bdc47127401c)
  sender:    0xFa4e0474485BE047b97977f1FC805471f47d9d88

Docs: https://viem.sh/docs/contract/writeContract
Details: execution reverted: insufficient balance
Version: viem@2.53.1
[wait] balance 0.010000 USDC  earned 0.000000  spent 0.010000  sales 0
buyer skipped: The contract function "transferWithAuthorization" reverted with the following reason:
insufficient balance

Contract Call:
  address:   0x03ea6b83884782d17ab023b5a74da81208243b7a
  function:  transferWithAuthorization(address from, address to, uint256 value, uint256 validAfter, uint256 validBefore, bytes32 nonce, bytes signature)
  args:                               (0x29AAAfe4b5aA24Ef7B360e76d81f2C31504FbBd7, 0xFa4e0474485BE047b97977f1FC805471f47d9d88, 10000, 1782476671, 1782476796, 0x46461aa78fc63d682284b4192c3ddfee95184e58a7b11c4f37d724c2ca817071, 0xf809615320aa5dd6425396d723127591d9a8f474f39e648430614c969e2ab447692503c88f2a247432e2120b9a4a821f56e660fd7d4dad00fe0222f5cbf2c0531c)
  sender:    0xFa4e0474485BE047b97977f1FC805471f47d9d88

Docs: https://viem.sh/docs/contract/writeContract
Details: execution reverted: insufficient balance
Version: viem@2.53.1
[wait] balance 0.010000 USDC  earned 0.000000  spent 0.010000  sales 0
buyer skipped: The contract function "transferWithAuthorization" reverted with the following reason:
insufficient balance

Contract Call:
  address:   0x03ea6b83884782d17ab023b5a74da81208243b7a
  function:  transferWithAuthorization(address from, address to, uint256 value, uint256 validAfter, uint256 validBefore, bytes32 nonce, bytes signature)
  args:                               (0x29AAAfe4b5aA24Ef7B360e76d81f2C31504FbBd7, 0xFa4e0474485BE047b97977f1FC805471f47d9d88, 10000, 1782476680, 1782476805, 0x9938afd80e6b6e73a014be6f63e574f82bc851f7ffba8103e44ff3fcc0fa0a25, 0x15a1d25b265c98b352f9136e83aee8e8242209b15935c37214323ab2252711e332869b43e30ea609cbf26516fcd78843143978268a81a8487f9d7f7c4dd4c9ef1b)
  sender:    0xFa4e0474485BE047b97977f1FC805471f47d9d88

Docs: https://viem.sh/docs/contract/writeContract
Details: execution reverted: insufficient balance
Version: viem@2.53.1
[wait] balance 0.010000 USDC  earned 0.000000  spent 0.010000  sales 0
[wait] balance 0.020000 USDC  earned 0.010000  spent 0.010000  sales 1
[research] balance 0.025000 USDC  earned 0.020000  spent 0.015000  sales 1  signal risk 44 down
[research] balance 0.030000 USDC  earned 0.030000  spent 0.020000  sales 1  signal risk 23 flat
[research] balance 0.035000 USDC  earned 0.040000  spent 0.025000  sales 1  signal risk 41 up
[research] balance 0.040000 USDC  earned 0.050000  spent 0.030000  sales 1  signal risk 55 down
[research] balance 0.045000 USDC  earned 0.060000  spent 0.035000  sales 1  signal risk 48 down
[research] balance 0.050000 USDC  earned 0.070000  spent 0.040000  sales 1  signal risk 26 flat
[research] balance 0.055000 USDC  earned 0.080000  spent 0.045000  sales 1  signal risk 51 down
[research] balance 0.060000 USDC  earned 0.090000  spent 0.050000  sales 1  signal risk 43 up
[research] balance 0.065000 USDC  earned 0.100000  spent 0.055000  sales 1  signal risk 65 down
[research] balance 0.070000 USDC  earned 0.110000  spent 0.060000  sales 1  signal risk 54 down
[research] balance 0.075000 USDC  earned 0.120000  spent 0.065000  sales 1  signal risk 57 down
[research] balance 0.080000 USDC  earned 0.130000  spent 0.070000  sales 1  signal risk 45 up
[research] balance 0.085000 USDC  earned 0.140000  spent 0.075000  sales 1  signal risk 34 up
[research] balance 0.090000 USDC  earned 0.150000  spent 0.080000  sales 1  signal risk 55 up
[research] balance 0.095000 USDC  earned 0.160000  spent 0.085000  sales 1  signal risk 39 down
[research] balance 0.100000 USDC  earned 0.170000  spent 0.090000  sales 1  signal risk 32 flat
[research] balance 0.105000 USDC  earned 0.180000  spent 0.095000  sales 1  signal risk 29 flat
[research] balance 0.110000 USDC  earned 0.190000  spent 0.100000  sales 1  signal risk 42 down
[research] balance 0.115000 USDC  earned 0.200000  spent 0.105000  sales 1  signal risk 47 up
[research] balance 0.120000 USDC  earned 0.210000  spent 0.110000  sales 1  signal risk 39 up
[research] balance 0.125000 USDC  earned 0.220000  spent 0.115000  sales 1  signal risk 39 down
[research] balance 0.130000 USDC  earned 0.230000  spent 0.120000  sales 1  signal risk 39 up
[research] balance 0.135000 USDC  earned 0.240000  spent 0.125000  sales 1  signal risk 69 down
